D:\VISUAL STUDIO 2012\PROJECTS\WIN32PROJECT1\WIN32PROJECT1\X64\DEBUG\DEMO.OBJ
D:\VISUAL STUDIO 2012\PROJECTS\WIN32PROJECT1\WIN32PROJECT1\X64\DEBUG\VC110.PDB
D:\VISUAL STUDIO 2012\PROJECTS\WIN32PROJECT1\X64\DEBUG\WIN32PROJECT1.ILK
D:\VISUAL STUDIO 2012\PROJECTS\WIN32PROJECT1\X64\DEBUG\WIN32PROJECT1.DLL
D:\VISUAL STUDIO 2012\PROJECTS\WIN32PROJECT1\X64\DEBUG\WIN32PROJECT1.PDB
D:\Visual Studio 2012\Projects\Win32Project1\x64\Debug\Win32Project1.lib
D:\Visual Studio 2012\Projects\Win32Project1\x64\Debug\Win32Project1.exp
D:\Visual Studio 2012\Projects\Win32Project1\Win32Project1\x64\Debug\demo.obj
D:\Visual Studio 2012\Projects\Win32Project1\Win32Project1\x64\Debug\cl.command.1.tlog
D:\Visual Studio 2012\Projects\Win32Project1\Win32Project1\x64\Debug\CL.read.1.tlog
D:\Visual Studio 2012\Projects\Win32Project1\Win32Project1\x64\Debug\CL.write.1.tlog
D:\Visual Studio 2012\Projects\Win32Project1\Win32Project1\x64\Debug\link-cvtres.read.1.tlog
D:\Visual Studio 2012\Projects\Win32Project1\Win32Project1\x64\Debug\link-cvtres.write.1.tlog
D:\Visual Studio 2012\Projects\Win32Project1\Win32Project1\x64\Debug\link-rc.read.1.tlog
D:\Visual Studio 2012\Projects\Win32Project1\Win32Project1\x64\Debug\link-rc.write.1.tlog
D:\Visual Studio 2012\Projects\Win32Project1\Win32Project1\x64\Debug\link.command.1.tlog
D:\Visual Studio 2012\Projects\Win32Project1\Win32Project1\x64\Debug\link.read.1.tlog
D:\Visual Studio 2012\Projects\Win32Project1\Win32Project1\x64\Debug\link.write.1.tlog
D:\Visual Studio 2012\Projects\Win32Project1\Win32Project1\x64\Debug\Win32Project1.write.1.tlog
D:\Visual Studio 2012\Projects\Win32Project1\Win32Project1\x64\Debug\vc110.idb
D:\Visual Studio 2012\Projects\Win32Project1\Win32Project1\x64\Debug\vc110.pdb
D:\Visual Studio 2012\Projects\Win32Project1\x64\Debug\Win32Project1.pdb
D:\Visual Studio 2012\Projects\Win32Project1\x64\Debug\Win32Project1.dll
D:\Visual Studio 2012\Projects\Win32Project1\x64\Debug\Win32Project1.ilk
